[2021-05-26T17:52:46+02:00] 127.0.0.1 Mozilla/5.0 (Windows NT 10.0; Win64; x64) AppleWebKit/537.36 (KHTML, like Gecko) Chrome/90.0.4430.212 Safari/537.36
my-field: arno
first_name: 
last_name: 

[2021-05-26T17:56:45+02:00] 127.0.0.1 Mozilla/5.0 (Windows NT 10.0; Win64; x64) AppleWebKit/537.36 (KHTML, like Gecko) Chrome/90.0.4430.212 Safari/537.36
my-field: arno300
first_name: 
last_name: 

[2021-05-26T17:57:05+02:00] 127.0.0.1 Mozilla/5.0 (Windows NT 10.0; Win64; x64) AppleWebKit/537.36 (KHTML, like Gecko) Chrome/90.0.4430.212 Safari/537.36
my-field: arno
first_name: 
last_name: 

[2021-05-26T17:58:43+02:00] 127.0.0.1 Mozilla/5.0 (Windows NT 10.0; Win64; x64) AppleWebKit/537.36 (KHTML, like Gecko) Chrome/90.0.4430.212 Safari/537.36
my-field: Argh3000
first_name: 
last_name: 

[2021-05-26T17:58:54+02:00] 127.0.0.1 Mozilla/5.0 (Windows NT 10.0; Win64; x64) AppleWebKit/537.36 (KHTML, like Gecko) Chrome/90.0.4430.212 Safari/537.36
my-field: arno3000
first_name: 
last_name: 

[2021-05-26T17:59:08+02:00] 127.0.0.1 Mozilla/5.0 (Windows NT 10.0; Win64; x64) AppleWebKit/537.36 (KHTML, like Gecko) Chrome/90.0.4430.212 Safari/537.36
my-field: Arno
first_name: 
last_name: 

[2021-05-26T17:59:15+02:00] 127.0.0.1 Mozilla/5.0 (Windows NT 10.0; Win64; x64) AppleWebKit/537.36 (KHTML, like Gecko) Chrome/90.0.4430.212 Safari/537.36
my-field: Arno3000
first_name: 
last_name: 

[2021-05-26T17:59:42+02:00] 127.0.0.1 Mozilla/5.0 (Windows NT 10.0; Win64; x64) AppleWebKit/537.36 (KHTML, like Gecko) Chrome/90.0.4430.212 Safari/537.36
my-field: ardnis
first_name: 
last_name: 

[2021-05-26T18:00:00+02:00] 127.0.0.1 Mozilla/5.0 (Windows NT 10.0; Win64; x64) AppleWebKit/537.36 (KHTML, like Gecko) Chrome/90.0.4430.212 Safari/537.36
my-field: arno300
first_name: 
last_name: 

[2021-05-26T18:03:04+02:00] 127.0.0.1 Mozilla/5.0 (Windows NT 10.0; Win64; x64) AppleWebKit/537.36 (KHTML, like Gecko) Chrome/90.0.4430.212 Safari/537.36
my-field: arno
first_name: 
last_name: 

[2021-05-26T18:03:17+02:00] 127.0.0.1 Mozilla/5.0 (Windows NT 10.0; Win64; x64) AppleWebKit/537.36 (KHTML, like Gecko) Chrome/90.0.4430.212 Safari/537.36
my-field: arno
first_name: 
last_name: 

[2021-05-26T18:26:35+02:00] 127.0.0.1 Mozilla/5.0 (Windows NT 10.0; Win64; x64) AppleWebKit/537.36 (KHTML, like Gecko) Chrome/90.0.4430.212 Safari/537.36
my-field: 
first_name: 
last_name: 

[2021-05-26T18:33:49+02:00] 127.0.0.1 Mozilla/5.0 (Windows NT 10.0; Win64; x64) AppleWebKit/537.36 (KHTML, like Gecko) Chrome/90.0.4430.212 Safari/537.36
my-field: 
first_name: 
last_name: 

[2021-05-26T18:33:56+02:00] 127.0.0.1 Mozilla/5.0 (Windows NT 10.0; Win64; x64) AppleWebKit/537.36 (KHTML, like Gecko) Chrome/90.0.4430.212 Safari/537.36
my-field: 
first_name: 
last_name: 

[2021-05-26T18:34:02+02:00] 127.0.0.1 Mozilla/5.0 (Windows NT 10.0; Win64; x64) AppleWebKit/537.36 (KHTML, like Gecko) Chrome/90.0.4430.212 Safari/537.36
my-field: 
first_name: 
last_name: 

[2021-05-27T12:01:54+02:00] 127.0.0.1 Mozilla/5.0 (Windows NT 10.0; Win64; x64) AppleWebKit/537.36 (KHTML, like Gecko) Chrome/91.0.4472.77 Safari/537.36
first_name: Arno
last_name: Son
email: 
todo: nothing

